2016-03-25 00:35:57 DEBUG SpringFxmlLoader:26 - Loading resource: /view/SearchOverview.fxml
2016-03-25 00:35:57 DEBUG SpringFxmlLoader:34 - Getting bean: cz.muni.physics.controller.SearchOverviewController
2016-03-25 00:35:58 DEBUG SearchOverviewController:46 - Text field is empty
2016-03-25 00:38:10 DEBUG SpringFxmlLoader:26 - Loading resource: /view/SearchOverview.fxml
2016-03-25 00:38:11 DEBUG SpringFxmlLoader:34 - Getting bean: cz.muni.physics.controller.SearchOverviewController
2016-03-25 00:38:12 DEBUG SearchOverviewController:46 - Text field is empty
2016-03-25 00:38:29 DEBUG SpringFxmlLoader:26 - Loading resource: /view/SearchOverview.fxml
2016-03-25 00:38:29 DEBUG SpringFxmlLoader:34 - Getting bean: cz.muni.physics.controller.SearchOverviewController
2016-03-25 00:38:30 DEBUG SearchOverviewController:46 - Text field is empty
2016-03-25 00:42:03 DEBUG SpringFxmlLoader:26 - Loading resource: /view/SearchOverview.fxml
2016-03-25 00:42:03 DEBUG SpringFxmlLoader:34 - Getting bean: cz.muni.physics.controller.SearchOverviewController
2016-03-25 00:42:07 DEBUG SearchOverviewController:46 - Text field is empty
2016-03-25 00:42:34 DEBUG SpringFxmlLoader:26 - Loading resource: /view/SearchOverview.fxml
2016-03-25 00:42:34 DEBUG SpringFxmlLoader:34 - Getting bean: cz.muni.physics.controller.SearchOverviewController
2016-03-25 00:42:35 DEBUG SearchOverviewController:46 - Text field is empty
2016-03-25 00:45:50 DEBUG SpringFxmlLoader:26 - Loading resource: /view/SearchOverview.fxml
2016-03-25 00:45:50 DEBUG SpringFxmlLoader:34 - Getting bean: cz.muni.physics.controller.SearchOverviewController
2016-03-25 00:45:52 DEBUG SearchOverviewController:46 - Text field is empty
2016-03-25 00:45:57 DEBUG SearchOverviewController:46 - Text field is empty
2016-03-25 00:45:59 DEBUG SearchOverviewController:46 - Text field is empty
2016-03-25 00:46:02 DEBUG SearchOverviewController:46 - Text field is empty
2016-03-25 00:46:08 DEBUG SearchOverviewController:46 - Text field is empty
2016-03-25 00:46:48 DEBUG SpringFxmlLoader:26 - Loading resource: /view/SearchOverview.fxml
2016-03-25 00:46:48 DEBUG SpringFxmlLoader:34 - Getting bean: cz.muni.physics.controller.SearchOverviewController
2016-03-25 00:46:49 DEBUG SearchOverviewController:46 - Text field is empty
2016-03-25 00:46:54 DEBUG SearchOverviewController:46 - Text field is empty
2016-03-25 00:50:28 DEBUG SpringFxmlLoader:26 - Loading resource: /view/SearchOverview.fxml
2016-03-25 00:50:28 DEBUG SpringFxmlLoader:34 - Getting bean: cz.muni.physics.controller.SearchOverviewController
2016-03-25 00:50:30 DEBUG SearchOverviewController:46 - Text field is empty
2016-03-25 00:50:40 DEBUG SearchOverviewController:46 - Text field is empty
2016-03-25 00:50:45 DEBUG SearchOverviewController:46 - Text field is empty
2016-03-25 00:50:49 DEBUG SearchOverviewController:46 - Text field is empty
2016-03-25 00:51:07 DEBUG SearchOverviewController:49 - Handling search by name 'WOLF'.
2016-03-25 00:51:08 DEBUG SpringFxmlLoader:26 - Loading resource: /view/SearchResult.fxml
2016-03-25 00:51:08 DEBUG SpringFxmlLoader:34 - Getting bean: cz.muni.physics.controller.SearchResultController
2016-03-25 00:52:10 DEBUG SearchOverviewController:49 - Handling search by name 'RW Com'.
2016-03-25 00:52:10 DEBUG SpringFxmlLoader:26 - Loading resource: /view/SearchResult.fxml
2016-03-25 00:52:10 DEBUG SpringFxmlLoader:34 - Getting bean: cz.muni.physics.controller.SearchResultController
2016-03-25 00:53:11 DEBUG SpringFxmlLoader:26 - Loading resource: /view/SearchOverview.fxml
2016-03-25 00:53:11 DEBUG SpringFxmlLoader:34 - Getting bean: cz.muni.physics.controller.SearchOverviewController
2016-03-25 00:53:12 DEBUG SearchOverviewController:46 - Text field is empty
2016-03-25 00:53:26 DEBUG SpringFxmlLoader:26 - Loading resource: /view/SearchOverview.fxml
2016-03-25 00:53:26 DEBUG SpringFxmlLoader:34 - Getting bean: cz.muni.physics.controller.SearchOverviewController
2016-03-25 00:53:28 DEBUG SearchOverviewController:46 - Text field is empty
2016-03-25 00:53:40 DEBUG SpringFxmlLoader:26 - Loading resource: /view/SearchOverview.fxml
2016-03-25 00:53:40 DEBUG SpringFxmlLoader:34 - Getting bean: cz.muni.physics.controller.SearchOverviewController
2016-03-25 00:53:41 DEBUG SearchOverviewController:46 - Text field is empty
2016-03-25 00:53:56 DEBUG SpringFxmlLoader:26 - Loading resource: /view/SearchOverview.fxml
2016-03-25 00:53:56 DEBUG SpringFxmlLoader:34 - Getting bean: cz.muni.physics.controller.SearchOverviewController
2016-03-25 00:53:57 DEBUG SearchOverviewController:46 - Text field is empty
2016-03-25 00:54:36 DEBUG SpringFxmlLoader:26 - Loading resource: /view/SearchOverview.fxml
2016-03-25 00:54:36 DEBUG SpringFxmlLoader:34 - Getting bean: cz.muni.physics.controller.SearchOverviewController
2016-03-25 00:54:37 DEBUG SearchOverviewController:46 - Text field is empty
2016-03-25 00:54:51 DEBUG SpringFxmlLoader:26 - Loading resource: /view/SearchOverview.fxml
2016-03-25 00:54:51 DEBUG SpringFxmlLoader:34 - Getting bean: cz.muni.physics.controller.SearchOverviewController
2016-03-25 00:54:52 DEBUG SearchOverviewController:46 - Text field is empty
2016-03-25 00:57:20 DEBUG SpringFxmlLoader:26 - Loading resource: /view/SearchOverview.fxml
2016-03-25 00:57:20 DEBUG SpringFxmlLoader:34 - Getting bean: cz.muni.physics.controller.SearchOverviewController
2016-03-25 00:57:22 DEBUG SearchOverviewController:46 - Text field is empty
2016-03-25 00:57:30 DEBUG SearchOverviewController:46 - Text field is empty
2016-03-25 00:57:33 DEBUG SearchOverviewController:49 - Handling search by name 'kookok'.
2016-03-25 00:57:41 DEBUG SearchOverviewController:49 - Handling search by name 'kookok'.
2016-03-25 00:59:28 DEBUG SearchOverviewController:49 - Handling search by name 'kookok'.
2016-03-25 00:59:31 DEBUG SearchOverviewController:49 - Handling search by name 'kookok'.
2016-03-25 13:31:46 DEBUG SpringFxmlLoader:24 - Loading resource: /view/SearchOverview.fxml
2016-03-25 13:31:46 DEBUG SpringFxmlLoader:32 - Getting bean: cz.muni.physics.controller.SearchOverviewController
2016-03-25 13:32:08 DEBUG SpringFxmlLoader:24 - Loading resource: /view/SearchOverview.fxml
2016-03-25 13:32:08 DEBUG SpringFxmlLoader:32 - Getting bean: cz.muni.physics.controller.SearchOverviewController
2016-03-25 13:34:50 DEBUG SpringFxmlLoader:24 - Loading resource: /view/SearchOverview.fxml
2016-03-25 13:34:50 DEBUG SpringFxmlLoader:32 - Getting bean: cz.muni.physics.controller.SearchOverviewController
2016-03-25 13:35:00 DEBUG SpringFxmlLoader:24 - Loading resource: /view/SearchOverview.fxml
2016-03-25 13:35:00 DEBUG SpringFxmlLoader:32 - Getting bean: cz.muni.physics.controller.SearchOverviewController
2016-03-25 13:38:51 DEBUG SpringFxmlLoader:24 - Loading resource: /view/SearchOverview.fxml
2016-03-25 13:38:51 DEBUG SpringFxmlLoader:32 - Getting bean: cz.muni.physics.controller.SearchOverviewController
2016-03-25 13:39:09 DEBUG SpringFxmlLoader:24 - Loading resource: /view/SearchOverview.fxml
2016-03-25 13:39:09 DEBUG SpringFxmlLoader:32 - Getting bean: cz.muni.physics.controller.SearchOverviewController
2016-03-25 13:40:55 DEBUG SpringFxmlLoader:24 - Loading resource: /view/SearchOverview.fxml
2016-03-25 13:40:55 DEBUG SpringFxmlLoader:32 - Getting bean: cz.muni.physics.controller.SearchOverviewController
2016-03-25 13:41:07 DEBUG SpringFxmlLoader:24 - Loading resource: /view/SearchOverview.fxml
2016-03-25 13:41:07 DEBUG SpringFxmlLoader:32 - Getting bean: cz.muni.physics.controller.SearchOverviewController
2016-03-25 13:41:23 DEBUG SpringFxmlLoader:24 - Loading resource: /view/SearchOverview.fxml
2016-03-25 13:41:23 DEBUG SpringFxmlLoader:32 - Getting bean: cz.muni.physics.controller.SearchOverviewController
2016-03-25 13:41:47 DEBUG SpringFxmlLoader:24 - Loading resource: /view/SearchOverview.fxml
2016-03-25 13:41:47 DEBUG SpringFxmlLoader:32 - Getting bean: cz.muni.physics.controller.SearchOverviewController
2016-03-25 14:37:56 DEBUG SpringFxmlLoader:24 - Loading resource: /view/SearchOverview.fxml
2016-03-25 14:37:56 DEBUG SpringFxmlLoader:32 - Getting bean: cz.muni.physics.controller.SearchOverviewController
2016-03-25 14:40:34 DEBUG SpringFxmlLoader:24 - Loading resource: /view/SearchOverview.fxml
2016-03-25 14:40:34 DEBUG SpringFxmlLoader:32 - Getting bean: cz.muni.physics.controller.SearchOverviewController
2016-03-25 14:40:41 DEBUG SearchOverviewController:49 - Text field is empty
2016-03-25 14:40:44 DEBUG SearchOverviewController:52 - Handling search by name 'asd'.
2016-03-25 14:50:52 DEBUG SpringFxmlLoader:24 - Loading resource: /view/SearchOverview.fxml
2016-03-25 14:50:52 DEBUG SpringFxmlLoader:32 - Getting bean: cz.muni.physics.controller.SearchOverviewController
2016-03-25 14:50:56 DEBUG SearchOverviewController:50 - Handling search by name 'RW Com'.
2016-03-25 14:51:04 DEBUG SearchOverviewController:50 - Handling search by name 'RW Com'.
2016-03-25 14:51:07 DEBUG SearchOverviewController:50 - Handling search by name 'RW Com'.
2016-03-25 14:51:09 DEBUG SearchOverviewController:50 - Handling search by name 'RW Com'.
2016-03-25 14:51:12 DEBUG SearchOverviewController:50 - Handling search by name 'RW Com'.
2016-03-25 14:51:16 DEBUG SearchOverviewController:50 - Handling search by name 'RW Com'.
2016-03-25 14:51:18 DEBUG SearchOverviewController:50 - Handling search by name 'RW Com'.
2016-03-25 14:52:48 DEBUG SearchOverviewController:50 - Handling search by name 'RW Com'.
2016-03-25 14:53:24 DEBUG SpringFxmlLoader:24 - Loading resource: /view/SearchOverview.fxml
2016-03-25 14:53:24 DEBUG SpringFxmlLoader:32 - Getting bean: cz.muni.physics.controller.SearchOverviewController
2016-03-25 14:53:25 DEBUG SearchOverviewController:50 - Handling search by name 'RW Com'.
2016-03-25 14:53:28 DEBUG SearchOverviewController:50 - Handling search by name 'RW Com'.
2016-03-25 14:53:28 DEBUG SearchOverviewController:50 - Handling search by name 'RW Com'.
2016-03-25 14:53:29 DEBUG SearchOverviewController:50 - Handling search by name 'RW Com'.
2016-03-25 14:54:45 DEBUG SpringFxmlLoader:24 - Loading resource: /view/SearchOverview.fxml
2016-03-25 14:54:45 DEBUG SpringFxmlLoader:32 - Getting bean: cz.muni.physics.controller.SearchOverviewController
2016-03-25 14:54:47 DEBUG SearchOverviewController:50 - Handling search by name 'RW Com'.
2016-03-25 17:25:42 DEBUG SpringFxmlLoader:24 - Loading resource: /view/SearchOverview.fxml
2016-03-25 17:25:42 DEBUG SpringFxmlLoader:32 - Getting bean: cz.muni.physics.controller.SearchOverviewController
2016-03-25 17:25:43 DEBUG SearchOverviewController:50 - Handling search by name 'RW Com'.
2016-03-25 17:25:44 DEBUG SpringFxmlLoader:24 - Loading resource: /view/SearchResult.fxml
2016-03-25 17:25:44 DEBUG SpringFxmlLoader:32 - Getting bean: cz.muni.physics.controller.SearchResultController
2016-03-25 20:49:21 DEBUG SearchOverviewController:50 - Handling search by name 'RW Com'.
2016-03-25 20:49:22 DEBUG SpringFxmlLoader:24 - Loading resource: /view/SearchResult.fxml
2016-03-25 20:49:22 DEBUG SpringFxmlLoader:32 - Getting bean: cz.muni.physics.controller.SearchResultController
2016-03-25 21:42:05 DEBUG SpringFxmlLoader:24 - Loading resource: /view/SearchOverview.fxml
2016-03-25 21:42:05 DEBUG SpringFxmlLoader:32 - Getting bean: cz.muni.physics.controller.SearchOverviewController
2016-03-25 22:24:57 DEBUG SpringFxmlLoader:24 - Loading resource: /view/SearchOverview.fxml
2016-03-25 22:24:57 DEBUG SpringFxmlLoader:32 - Getting bean: cz.muni.physics.controller.SearchOverviewController
2016-03-25 22:25:02 DEBUG SearchOverviewController:50 - Handling search by name 'Wolf'.
2016-03-25 22:25:03 DEBUG SpringFxmlLoader:24 - Loading resource: /view/SearchResult.fxml
2016-03-25 22:25:03 DEBUG SpringFxmlLoader:32 - Getting bean: cz.muni.physics.controller.SearchResultController
2016-03-25 22:25:23 DEBUG SearchOverviewController:50 - Handling search by name 'Wolf'.
2016-03-25 22:25:23 DEBUG SpringFxmlLoader:24 - Loading resource: /view/SearchResult.fxml
2016-03-25 22:25:23 DEBUG SpringFxmlLoader:32 - Getting bean: cz.muni.physics.controller.SearchResultController
2016-03-25 22:25:28 DEBUG SearchOverviewController:50 - Handling search by name 'Wolf'.
2016-03-25 22:25:28 DEBUG SpringFxmlLoader:24 - Loading resource: /view/SearchResult.fxml
2016-03-25 22:25:28 DEBUG SpringFxmlLoader:32 - Getting bean: cz.muni.physics.controller.SearchResultController
2016-03-25 22:25:34 DEBUG SearchOverviewController:50 - Handling search by name 'Wolf'.
2016-03-25 22:25:35 DEBUG SpringFxmlLoader:24 - Loading resource: /view/SearchResult.fxml
2016-03-25 22:25:35 DEBUG SpringFxmlLoader:32 - Getting bean: cz.muni.physics.controller.SearchResultController
2016-03-25 22:25:54 DEBUG SpringFxmlLoader:24 - Loading resource: /view/SearchOverview.fxml
2016-03-25 22:25:54 DEBUG SpringFxmlLoader:32 - Getting bean: cz.muni.physics.controller.SearchOverviewController
2016-03-26 12:57:43 DEBUG SpringFxmlLoader:24 - Loading resource: /view/SearchOverview.fxml
2016-03-26 12:57:43 DEBUG SpringFxmlLoader:32 - Getting bean: cz.muni.physics.controller.SearchOverviewController
2016-03-26 13:05:24 DEBUG SpringFxmlLoader:24 - Loading resource: /view/SearchOverview.fxml
2016-03-26 13:05:24 DEBUG SpringFxmlLoader:32 - Getting bean: cz.muni.physics.controller.SearchOverviewController
2016-03-26 13:10:41 DEBUG SpringFxmlLoader:24 - Loading resource: /view/RootLayout.fxml
2016-03-26 13:10:42 DEBUG SpringFxmlLoader:24 - Loading resource: /view/SearchOverview.fxml
2016-03-26 13:10:42 DEBUG SpringFxmlLoader:32 - Getting bean: cz.muni.physics.controller.SearchOverviewController
2016-03-26 13:17:29 DEBUG SpringFxmlLoader:23 - Loading resource: /view/RootLayout.fxml
2016-03-26 13:17:31 DEBUG SpringFxmlLoader:23 - Loading resource: /view/SearchOverview.fxml
2016-03-26 13:17:31 DEBUG SpringFxmlLoader:29 - Getting bean: cz.muni.physics.controller.SearchOverviewController
2016-03-26 13:17:36 DEBUG SearchOverviewController:50 - Handling search by name 'RW Com'.
2016-03-26 13:17:36 DEBUG SpringFxmlLoader:23 - Loading resource: /view/SearchResult.fxml
2016-03-26 13:17:36 DEBUG SpringFxmlLoader:29 - Getting bean: cz.muni.physics.controller.SearchResultController
2016-03-26 13:42:44 DEBUG SpringFxmlLoader:23 - Loading resource: /view/RootLayout.fxml
2016-03-26 13:42:45 DEBUG SpringFxmlLoader:23 - Loading resource: /view/SearchOverview.fxml
2016-03-26 13:42:45 DEBUG SpringFxmlLoader:29 - Getting bean: cz.muni.physics.controller.SearchOverviewController
2016-03-26 14:00:26 DEBUG JavaPluginLoader:65 - Searching for available .jar plugins.
2016-03-26 14:00:26 DEBUG SpringFxmlLoader:23 - Loading resource: /view/RootLayout.fxml
2016-03-26 14:00:27 DEBUG SpringFxmlLoader:23 - Loading resource: /view/SearchOverview.fxml
2016-03-26 14:00:27 DEBUG SpringFxmlLoader:29 - Getting bean: cz.muni.physics.controller.SearchOverviewController
2016-03-26 14:01:08 DEBUG JavaPluginLoader:65 - Searching for available .jar plugins.
2016-03-26 14:01:08 DEBUG JavaPluginLoader:70 - Found 0 .jar plugins
2016-03-26 14:01:08 DEBUG SpringFxmlLoader:23 - Loading resource: /view/RootLayout.fxml
2016-03-26 14:01:09 DEBUG SpringFxmlLoader:23 - Loading resource: /view/SearchOverview.fxml
2016-03-26 14:01:09 DEBUG SpringFxmlLoader:29 - Getting bean: cz.muni.physics.controller.SearchOverviewController
2016-03-26 14:02:59 DEBUG JavaPluginLoader:65 - Searching for available .jar plugins.
2016-03-26 14:02:59 DEBUG JavaPluginLoader:70 - Found 0 .jar plugins
2016-03-26 14:02:59 DEBUG SpringFxmlLoader:23 - Loading resource: /view/RootLayout.fxml
2016-03-26 14:03:00 DEBUG SpringFxmlLoader:23 - Loading resource: /view/SearchOverview.fxml
2016-03-26 14:03:00 DEBUG SpringFxmlLoader:29 - Getting bean: cz.muni.physics.controller.SearchOverviewController
2016-03-26 16:23:59 DEBUG JavaPluginLoader:66 - Searching for available .jar plugins.
2016-03-26 16:23:59 DEBUG JavaPluginLoader:71 - Found 1 .jar plugins
2016-03-26 16:23:59 DEBUG SpringFxmlLoader:23 - Loading resource: /view/RootLayout.fxml
2016-03-26 16:24:00 DEBUG SpringFxmlLoader:23 - Loading resource: /view/SearchOverview.fxml
2016-03-26 16:24:00 DEBUG SpringFxmlLoader:29 - Getting bean: cz.muni.physics.controller.SearchOverviewController
2016-03-26 16:32:55 DEBUG JavaPluginLoader:66 - Searching for available .jar plugins.
2016-03-26 16:32:55 DEBUG JavaPluginLoader:71 - Found 1 .jar plugins
2016-03-26 16:32:55 DEBUG JavaPluginLoader:29 - Loading plugin from CRTSPlugin.jar
2016-03-26 16:32:55 ERROR JavaPluginLoader:36 - Manifest doesn't contain Plugin-Class attribute
2016-03-26 16:32:55 DEBUG SpringFxmlLoader:23 - Loading resource: /view/RootLayout.fxml
2016-03-26 16:32:56 DEBUG SpringFxmlLoader:23 - Loading resource: /view/SearchOverview.fxml
2016-03-26 16:32:56 DEBUG SpringFxmlLoader:29 - Getting bean: cz.muni.physics.controller.SearchOverviewController
2016-03-26 16:45:39 DEBUG JavaPluginLoader:66 - Searching for available .jar plugins.
2016-03-26 16:45:39 DEBUG JavaPluginLoader:71 - Found 1 .jar plugins
2016-03-26 16:45:39 DEBUG JavaPluginLoader:29 - Loading plugin from CRTSPlugin.jar
2016-03-26 17:06:37 DEBUG JavaPluginLoader:66 - Searching for available .jar plugins.
2016-03-26 17:06:37 DEBUG JavaPluginLoader:71 - Found 1 .jar plugins
2016-03-26 17:06:37 DEBUG JavaPluginLoader:29 - Loading plugin from CRTSPlugin.jar
2016-03-26 17:06:37 ERROR JavaPluginLoader:36 - Manifest doesn't contain Plugin-Class attribute
2016-03-26 17:06:37 DEBUG SpringFxmlLoader:23 - Loading resource: /view/RootLayout.fxml
2016-03-26 17:06:38 DEBUG SpringFxmlLoader:23 - Loading resource: /view/SearchOverview.fxml
2016-03-26 17:06:38 DEBUG SpringFxmlLoader:29 - Getting bean: cz.muni.physics.controller.SearchOverviewController
2016-03-26 17:07:22 DEBUG JavaPluginLoader:67 - Searching for available .jar plugins.
2016-03-26 17:07:22 DEBUG JavaPluginLoader:72 - Found 1 .jar plugins
2016-03-26 17:07:22 DEBUG JavaPluginLoader:29 - Loading plugin from CRTSPlugin.jar
2016-03-26 17:07:22 DEBUG JavaPluginLoader:41 - Plugin-Class attribute is cz.muni.physics.CrtsPlugin
2016-03-26 17:07:22 DEBUG SpringFxmlLoader:23 - Loading resource: /view/RootLayout.fxml
2016-03-26 17:07:23 DEBUG SpringFxmlLoader:23 - Loading resource: /view/SearchOverview.fxml
2016-03-26 17:07:23 DEBUG SpringFxmlLoader:29 - Getting bean: cz.muni.physics.controller.SearchOverviewController
2016-03-26 17:08:01 DEBUG JavaPluginLoader:67 - Searching for available .jar plugins.
2016-03-26 17:08:01 DEBUG JavaPluginLoader:72 - Found 1 .jar plugins
2016-03-26 17:08:01 DEBUG JavaPluginLoader:29 - Loading plugin from CRTSPlugin.jar
2016-03-26 17:08:01 ERROR JavaPluginLoader:36 - Manifest doesn't contain Plugin-Class attribute
2016-03-26 17:08:01 DEBUG SpringFxmlLoader:23 - Loading resource: /view/RootLayout.fxml
2016-03-26 17:08:02 DEBUG SpringFxmlLoader:23 - Loading resource: /view/SearchOverview.fxml
2016-03-26 17:08:02 DEBUG SpringFxmlLoader:29 - Getting bean: cz.muni.physics.controller.SearchOverviewController
2016-03-26 17:09:18 DEBUG JavaPluginLoader:62 - Searching for available .jar plugins.
2016-03-26 17:09:18 DEBUG JavaPluginLoader:67 - Found 1 .jar plugins
2016-03-26 17:09:18 DEBUG JavaPluginLoader:29 - Loading plugin from CRTSPlugin.jar
2016-03-26 17:09:18 DEBUG JavaPluginLoader:36 - Plugin-Class attribute is null
2016-03-26 17:11:11 DEBUG JavaPluginLoader:65 - Searching for available .jar plugins.
2016-03-26 17:11:11 DEBUG JavaPluginLoader:70 - Found 1 .jar plugins
2016-03-26 17:11:11 DEBUG JavaPluginLoader:29 - Loading plugin from CRTSPlugin.jar
2016-03-26 17:11:11 ERROR JavaPluginLoader:37 - Manifest doesn't contain Plugin-Class attribute
2016-03-26 17:11:12 DEBUG SpringFxmlLoader:23 - Loading resource: /view/RootLayout.fxml
2016-03-26 17:11:12 DEBUG SpringFxmlLoader:23 - Loading resource: /view/SearchOverview.fxml
2016-03-26 17:11:12 DEBUG SpringFxmlLoader:29 - Getting bean: cz.muni.physics.controller.SearchOverviewController
2016-03-26 17:13:17 DEBUG JavaPluginLoader:65 - Searching for available .jar plugins.
2016-03-26 17:13:17 DEBUG JavaPluginLoader:70 - Found 2 .jar plugins
2016-03-26 17:13:17 DEBUG JavaPluginLoader:29 - Loading plugin from CRTSPlugin.jar
2016-03-26 17:13:17 DEBUG JavaPluginLoader:40 - Loading class cz.muni.physics.CrtsPlugin
2016-03-26 17:13:17 DEBUG JavaPluginLoader:29 - Loading plugin from NSVSPlugin.jar
2016-03-26 17:13:17 DEBUG JavaPluginLoader:40 - Loading class cz.muni.physics.NsvsPlugin
2016-03-26 17:13:18 DEBUG SpringFxmlLoader:23 - Loading resource: /view/RootLayout.fxml
2016-03-26 17:13:18 DEBUG SpringFxmlLoader:23 - Loading resource: /view/SearchOverview.fxml
2016-03-26 17:13:18 DEBUG SpringFxmlLoader:29 - Getting bean: cz.muni.physics.controller.SearchOverviewController
2016-03-26 17:14:29 DEBUG SearchOverviewController:50 - Handling search by name 'RW Com'.
2016-03-26 17:14:30 DEBUG SpringFxmlLoader:23 - Loading resource: /view/SearchResult.fxml
2016-03-26 17:14:30 DEBUG SpringFxmlLoader:29 - Getting bean: cz.muni.physics.controller.SearchResultController
2016-03-26 17:20:53 DEBUG JavaPluginLoader:65 - Searching for available .jar plugins.
2016-03-26 17:20:53 DEBUG JavaPluginLoader:70 - Found 2 .jar plugins
2016-03-26 17:20:53 DEBUG JavaPluginLoader:29 - Loading plugin from CRTSPlugin.jar
2016-03-26 17:20:53 DEBUG JavaPluginLoader:40 - Loading class cz.muni.physics.CrtsPlugin
2016-03-26 17:20:53 DEBUG JavaPluginLoader:29 - Loading plugin from NSVSPlugin.jar
2016-03-26 17:20:53 DEBUG JavaPluginLoader:40 - Loading class cz.muni.physics.NsvsPlugin
2016-03-26 17:20:53 DEBUG SpringFxmlLoader:23 - Loading resource: /view/RootLayout.fxml
2016-03-26 17:20:54 DEBUG SpringFxmlLoader:23 - Loading resource: /view/SearchOverview.fxml
2016-03-26 17:20:54 DEBUG SpringFxmlLoader:29 - Getting bean: cz.muni.physics.controller.SearchOverviewController
2016-03-26 17:20:55 DEBUG SearchOverviewController:51 - Handling search by name 'RW Com'.
2016-03-26 17:20:59 DEBUG SearchOverviewController:51 - Handling search by name 'RW Com'.
2016-03-26 17:21:02 DEBUG SearchOverviewController:51 - Handling search by name 'RW Com'.
2016-03-26 17:21:02 DEBUG SearchOverviewController:51 - Handling search by name 'RW Com'.
2016-03-26 17:21:03 DEBUG SearchOverviewController:51 - Handling search by name 'RW Com'.
2016-03-26 17:21:03 DEBUG SearchOverviewController:51 - Handling search by name 'RW Com'.
2016-03-26 17:21:03 DEBUG SearchOverviewController:51 - Handling search by name 'RW Com'.
2016-03-26 17:21:03 DEBUG SearchOverviewController:51 - Handling search by name 'RW Com'.
2016-03-26 17:51:54 DEBUG JavaPluginLoader:65 - Searching for available .jar plugins.
2016-03-26 17:51:54 DEBUG JavaPluginLoader:70 - Found 2 .jar plugins
2016-03-26 17:51:54 DEBUG JavaPluginLoader:29 - Loading plugin from CRTSPlugin.jar
2016-03-26 17:51:54 DEBUG JavaPluginLoader:40 - Loading class cz.muni.physics.CrtsPlugin
2016-03-26 17:51:54 DEBUG JavaPluginLoader:29 - Loading plugin from NSVSPlugin.jar
2016-03-26 17:51:54 DEBUG JavaPluginLoader:40 - Loading class cz.muni.physics.NsvsPlugin
2016-03-26 17:51:54 DEBUG SpringFxmlLoader:23 - Loading resource: /view/RootLayout.fxml
2016-03-26 17:51:55 DEBUG SpringFxmlLoader:23 - Loading resource: /view/SearchOverview.fxml
2016-03-26 17:51:55 DEBUG SpringFxmlLoader:29 - Getting bean: cz.muni.physics.controller.SearchOverviewController
2016-03-26 17:51:57 DEBUG SearchOverviewController:51 - Handling search by name 'RW Com'.
2016-03-27 17:10:48 DEBUG JavaPluginLoader:65 - Searching for available .jar plugins.
2016-03-27 17:10:48 DEBUG JavaPluginLoader:70 - Found 2 .jar plugins
2016-03-27 17:10:48 DEBUG JavaPluginLoader:29 - Loading plugin from CRTSPlugin.jar
2016-03-27 17:10:48 DEBUG JavaPluginLoader:40 - Loading class cz.muni.physics.CrtsPlugin
2016-03-27 17:10:48 DEBUG JavaPluginLoader:29 - Loading plugin from NSVSPlugin.jar
2016-03-27 17:10:48 DEBUG JavaPluginLoader:40 - Loading class cz.muni.physics.NsvsPlugin
2016-03-27 17:10:48 DEBUG SpringFxmlLoader:23 - Loading resource: /view/RootLayout.fxml
2016-03-27 17:10:49 DEBUG SpringFxmlLoader:23 - Loading resource: /view/SearchOverview.fxml
2016-03-27 17:10:49 DEBUG SpringFxmlLoader:29 - Getting bean: cz.muni.physics.controller.SearchOverviewController
2016-03-27 17:10:57 DEBUG SearchOverviewController:51 - Handling search by name 'RW Com'.
2016-03-28 09:18:01 DEBUG JavaPluginLoader:65 - Searching for available .jar plugins.
2016-03-28 09:18:01 DEBUG JavaPluginLoader:70 - Found 2 .jar plugins
2016-03-28 09:18:02 DEBUG JavaPluginLoader:29 - Loading plugin from CRTSPlugin.jar
2016-03-28 09:18:02 DEBUG JavaPluginLoader:40 - Loading class cz.muni.physics.CrtsPlugin
2016-03-28 09:18:02 DEBUG JavaPluginLoader:29 - Loading plugin from NSVSPlugin.jar
2016-03-28 09:18:02 DEBUG JavaPluginLoader:40 - Loading class cz.muni.physics.NsvsPlugin
2016-03-28 09:18:02 DEBUG SpringFxmlLoader:23 - Loading resource: /view/RootLayout.fxml
2016-03-28 09:18:02 DEBUG SpringFxmlLoader:23 - Loading resource: /view/SearchOverview.fxml
2016-03-28 09:18:02 DEBUG SpringFxmlLoader:29 - Getting bean: cz.muni.physics.controller.SearchOverviewController
2016-03-28 09:18:05 DEBUG SearchOverviewController:51 - Handling search by name 'RW Com'.
2016-03-29 12:03:41 DEBUG JavaPluginLoader:65 - Searching for available .jar plugins.
2016-03-29 12:03:41 DEBUG JavaPluginLoader:70 - Found 2 .jar plugins
2016-03-29 12:03:41 DEBUG JavaPluginLoader:29 - Loading plugin from CRTSPlugin.jar
2016-03-29 12:03:41 DEBUG JavaPluginLoader:40 - Loading class cz.muni.physics.CrtsPlugin
2016-03-29 12:03:41 DEBUG JavaPluginLoader:29 - Loading plugin from NSVSPlugin.jar
2016-03-29 12:03:41 DEBUG JavaPluginLoader:40 - Loading class cz.muni.physics.NsvsPlugin
2016-03-29 12:03:41 DEBUG SpringFxmlLoader:23 - Loading resource: /view/RootLayout.fxml
2016-03-29 12:03:42 DEBUG SpringFxmlLoader:23 - Loading resource: /view/SearchOverview.fxml
2016-03-29 12:03:42 DEBUG SpringFxmlLoader:29 - Getting bean: cz.muni.physics.controller.SearchOverviewController
2016-03-29 12:03:47 DEBUG SearchOverviewController:51 - Handling search by name 'RW Com'.
2016-03-29 12:09:02 DEBUG JavaPluginLoader:65 - Searching for available .jar plugins.
2016-03-29 12:09:02 DEBUG JavaPluginLoader:70 - Found 2 .jar plugins
2016-03-29 12:09:02 DEBUG JavaPluginLoader:29 - Loading plugin from CRTSPlugin.jar
2016-03-29 12:09:02 DEBUG JavaPluginLoader:40 - Loading class cz.muni.physics.CrtsPlugin
2016-03-29 12:09:02 DEBUG JavaPluginLoader:29 - Loading plugin from NSVSPlugin.jar
2016-03-29 12:09:02 DEBUG JavaPluginLoader:40 - Loading class cz.muni.physics.NsvsPlugin
2016-03-29 12:09:02 DEBUG SpringFxmlLoader:23 - Loading resource: /view/RootLayout.fxml
2016-03-29 12:09:03 DEBUG SpringFxmlLoader:23 - Loading resource: /view/SearchOverview.fxml
2016-03-29 12:09:03 DEBUG SpringFxmlLoader:29 - Getting bean: cz.muni.physics.controller.SearchOverviewController
2016-03-29 12:09:20 DEBUG SearchOverviewController:51 - Handling search by name 'RW Com'.
2016-03-29 12:19:49 DEBUG JavaPluginLoader:65 - Searching for available .jar plugins.
2016-03-29 12:19:49 DEBUG JavaPluginLoader:70 - Found 2 .jar plugins
2016-03-29 12:19:49 DEBUG JavaPluginLoader:29 - Loading plugin from CRTSPlugin.jar
2016-03-29 12:19:49 DEBUG JavaPluginLoader:40 - Loading class cz.muni.physics.CrtsPlugin
2016-03-29 12:19:49 DEBUG JavaPluginLoader:29 - Loading plugin from NSVSPlugin.jar
2016-03-29 12:19:49 DEBUG JavaPluginLoader:40 - Loading class cz.muni.physics.NsvsPlugin
2016-03-29 12:19:49 DEBUG SpringFxmlLoader:23 - Loading resource: /view/RootLayout.fxml
2016-03-29 12:19:50 DEBUG SpringFxmlLoader:23 - Loading resource: /view/SearchOverview.fxml
2016-03-29 12:19:50 DEBUG SpringFxmlLoader:29 - Getting bean: cz.muni.physics.controller.SearchOverviewController
2016-03-29 12:19:52 DEBUG SearchOverviewController:51 - Handling search by name 'RW Com'.
2016-03-29 15:08:12 DEBUG JavaPluginLoader:65 - Searching for available .jar plugins.
2016-03-29 15:08:12 DEBUG JavaPluginLoader:70 - Found 2 .jar plugins
2016-03-29 15:08:12 DEBUG JavaPluginLoader:29 - Loading plugin from CRTSPlugin.jar
2016-03-29 15:08:12 DEBUG JavaPluginLoader:40 - Loading class cz.muni.physics.CrtsPlugin
2016-03-29 15:08:12 DEBUG JavaPluginLoader:29 - Loading plugin from NSVSPlugin.jar
2016-03-29 15:08:12 DEBUG JavaPluginLoader:40 - Loading class cz.muni.physics.NsvsPlugin
2016-03-29 15:08:12 DEBUG SpringFxmlLoader:23 - Loading resource: /view/RootLayout.fxml
2016-03-29 15:08:13 DEBUG SpringFxmlLoader:23 - Loading resource: /view/SearchOverview.fxml
2016-03-29 15:08:14 DEBUG SpringFxmlLoader:29 - Getting bean: cz.muni.physics.controller.SearchOverviewController
2016-03-29 15:09:20 DEBUG SearchOverviewController:51 - Handling search by name 'RW Com'.
2016-03-29 15:10:47 DEBUG JavaPluginLoader:65 - Searching for available .jar plugins.
2016-03-29 15:10:47 DEBUG JavaPluginLoader:70 - Found 2 .jar plugins
2016-03-29 15:10:47 DEBUG JavaPluginLoader:29 - Loading plugin from CRTSPlugin.jar
2016-03-29 15:10:47 DEBUG JavaPluginLoader:40 - Loading class cz.muni.physics.CrtsPlugin
2016-03-29 15:10:47 DEBUG JavaPluginLoader:29 - Loading plugin from NSVSPlugin.jar
2016-03-29 15:10:47 DEBUG JavaPluginLoader:40 - Loading class cz.muni.physics.NsvsPlugin
2016-03-29 15:10:47 DEBUG SpringFxmlLoader:23 - Loading resource: /view/RootLayout.fxml
2016-03-29 15:10:48 DEBUG SpringFxmlLoader:23 - Loading resource: /view/SearchOverview.fxml
2016-03-29 15:10:48 DEBUG SpringFxmlLoader:29 - Getting bean: cz.muni.physics.controller.SearchOverviewController
2016-03-29 15:11:15 DEBUG SearchOverviewController:51 - Handling search by name 'RW Com'.
2016-03-29 19:19:11 DEBUG JavaPluginLoader:65 - Searching for available .jar plugins.
2016-03-29 19:19:11 DEBUG JavaPluginLoader:70 - Found 2 .jar plugins
2016-03-29 19:19:11 DEBUG JavaPluginLoader:29 - Loading plugin from CRTSPlugin.jar
2016-03-29 19:19:11 DEBUG JavaPluginLoader:40 - Loading class cz.muni.physics.CrtsPlugin
2016-03-29 19:19:11 DEBUG JavaPluginLoader:29 - Loading plugin from NSVSPlugin.jar
2016-03-29 19:19:11 DEBUG JavaPluginLoader:40 - Loading class cz.muni.physics.NsvsPlugin
2016-03-29 19:19:11 DEBUG SpringFxmlLoader:23 - Loading resource: /view/RootLayout.fxml
2016-03-29 19:19:12 DEBUG SpringFxmlLoader:23 - Loading resource: /view/SearchOverview.fxml
2016-03-29 19:19:12 DEBUG SpringFxmlLoader:29 - Getting bean: cz.muni.physics.controller.SearchOverviewController
2016-03-29 19:19:17 DEBUG SearchOverviewController:51 - Handling search by name 'RW Com'.
2016-03-29 19:39:28 DEBUG JavaPluginLoader:65 - Searching for available .jar plugins.
2016-03-29 19:39:28 DEBUG JavaPluginLoader:70 - Found 2 .jar plugins
2016-03-29 19:39:28 DEBUG JavaPluginLoader:29 - Loading plugin from CRTSPlugin.jar
2016-03-29 19:39:28 DEBUG JavaPluginLoader:40 - Loading class cz.muni.physics.CrtsPlugin
2016-03-29 19:39:28 DEBUG JavaPluginLoader:29 - Loading plugin from NSVSPlugin.jar
2016-03-29 19:39:28 DEBUG JavaPluginLoader:40 - Loading class cz.muni.physics.NsvsPlugin
2016-03-29 19:39:28 DEBUG SpringFxmlLoader:23 - Loading resource: /view/RootLayout.fxml
2016-03-29 19:39:29 DEBUG SpringFxmlLoader:23 - Loading resource: /view/SearchOverview.fxml
2016-03-29 19:39:29 DEBUG SpringFxmlLoader:29 - Getting bean: cz.muni.physics.controller.SearchOverviewController
2016-03-29 19:39:32 DEBUG SearchOverviewController:51 - Handling search by name 'RW Com'.
2016-03-29 19:53:01 DEBUG JavaPluginLoader:65 - Searching for available .jar plugins.
2016-03-29 19:53:01 DEBUG JavaPluginLoader:70 - Found 2 .jar plugins
2016-03-29 19:53:02 DEBUG JavaPluginLoader:29 - Loading plugin from CRTSPlugin.jar
2016-03-29 19:53:02 DEBUG JavaPluginLoader:40 - Loading class cz.muni.physics.CrtsPlugin
2016-03-29 19:53:02 DEBUG JavaPluginLoader:29 - Loading plugin from NSVSPlugin.jar
2016-03-29 19:53:02 DEBUG JavaPluginLoader:40 - Loading class cz.muni.physics.NsvsPlugin
2016-03-29 19:53:02 DEBUG SpringFxmlLoader:23 - Loading resource: /view/RootLayout.fxml
2016-03-29 19:53:03 DEBUG SpringFxmlLoader:23 - Loading resource: /view/SearchOverview.fxml
2016-03-29 19:53:03 DEBUG SpringFxmlLoader:29 - Getting bean: cz.muni.physics.controller.SearchOverviewController
2016-03-29 19:53:05 DEBUG SearchOverviewController:51 - Handling search by name 'RW Com'.
2016-03-29 20:02:32 DEBUG JavaPluginLoader:65 - Searching for available .jar plugins.
2016-03-29 20:02:32 DEBUG JavaPluginLoader:70 - Found 2 .jar plugins
2016-03-29 20:02:32 DEBUG JavaPluginLoader:29 - Loading plugin from CRTSPlugin.jar
2016-03-29 20:02:32 DEBUG JavaPluginLoader:40 - Loading class cz.muni.physics.CrtsPlugin
2016-03-29 20:02:32 DEBUG JavaPluginLoader:29 - Loading plugin from NSVSPlugin.jar
2016-03-29 20:02:32 DEBUG JavaPluginLoader:40 - Loading class cz.muni.physics.NsvsPlugin
2016-03-29 20:02:32 DEBUG SpringFxmlLoader:23 - Loading resource: /view/RootLayout.fxml
2016-03-29 20:02:33 DEBUG SpringFxmlLoader:23 - Loading resource: /view/SearchOverview.fxml
2016-03-29 20:02:33 DEBUG SpringFxmlLoader:29 - Getting bean: cz.muni.physics.controller.SearchOverviewController
2016-03-29 20:02:38 DEBUG SearchOverviewController:51 - Handling search by name 'RW Com'.
2016-03-29 20:02:43 DEBUG SearchOverviewController:51 - Handling search by name 'RW Com'.
2016-03-29 20:02:45 DEBUG SearchOverviewController:51 - Handling search by name 'RW Com'.
2016-03-29 20:02:46 DEBUG SearchOverviewController:51 - Handling search by name 'RW Com'.
2016-03-29 20:02:47 DEBUG SearchOverviewController:51 - Handling search by name 'RW Com'.
2016-03-29 20:03:03 DEBUG JavaPluginLoader:65 - Searching for available .jar plugins.
2016-03-29 20:03:03 DEBUG JavaPluginLoader:70 - Found 2 .jar plugins
2016-03-29 20:03:03 DEBUG JavaPluginLoader:29 - Loading plugin from CRTSPlugin.jar
2016-03-29 20:03:03 DEBUG JavaPluginLoader:40 - Loading class cz.muni.physics.CrtsPlugin
2016-03-29 20:03:03 DEBUG JavaPluginLoader:29 - Loading plugin from NSVSPlugin.jar
2016-03-29 20:03:03 DEBUG JavaPluginLoader:40 - Loading class cz.muni.physics.NsvsPlugin
2016-03-29 20:03:03 DEBUG SpringFxmlLoader:23 - Loading resource: /view/RootLayout.fxml
2016-03-29 20:03:04 DEBUG SpringFxmlLoader:23 - Loading resource: /view/SearchOverview.fxml
2016-03-29 20:03:04 DEBUG SpringFxmlLoader:29 - Getting bean: cz.muni.physics.controller.SearchOverviewController
2016-03-29 20:03:05 DEBUG SearchOverviewController:51 - Handling search by name 'RW Com'.
2016-03-29 20:04:15 DEBUG JavaPluginLoader:65 - Searching for available .jar plugins.
2016-03-29 20:04:15 DEBUG JavaPluginLoader:70 - Found 2 .jar plugins
2016-03-29 20:04:15 DEBUG JavaPluginLoader:29 - Loading plugin from CRTSPlugin.jar
2016-03-29 20:04:15 DEBUG JavaPluginLoader:40 - Loading class cz.muni.physics.CrtsPlugin
2016-03-29 20:04:15 DEBUG JavaPluginLoader:29 - Loading plugin from NSVSPlugin.jar
2016-03-29 20:04:15 DEBUG JavaPluginLoader:40 - Loading class cz.muni.physics.NsvsPlugin
2016-03-29 20:04:15 DEBUG SpringFxmlLoader:23 - Loading resource: /view/RootLayout.fxml
2016-03-29 20:04:16 DEBUG SpringFxmlLoader:23 - Loading resource: /view/SearchOverview.fxml
2016-03-29 20:04:16 DEBUG SpringFxmlLoader:29 - Getting bean: cz.muni.physics.controller.SearchOverviewController
2016-03-29 20:04:18 DEBUG SearchOverviewController:51 - Handling search by name 'RW Com'.
2016-03-29 21:14:20 DEBUG JavaPluginLoader:65 - Searching for available .jar plugins.
2016-03-29 21:14:20 DEBUG JavaPluginLoader:70 - Found 2 .jar plugins
2016-03-29 21:14:20 DEBUG JavaPluginLoader:29 - Loading plugin from CRTSPlugin.jar
2016-03-29 21:14:20 DEBUG JavaPluginLoader:40 - Loading class cz.muni.physics.CrtsPlugin
2016-03-29 21:14:20 DEBUG JavaPluginLoader:29 - Loading plugin from NSVSPlugin.jar
2016-03-29 21:14:20 DEBUG JavaPluginLoader:40 - Loading class cz.muni.physics.NsvsPlugin
2016-03-29 21:14:20 DEBUG SpringFxmlLoader:23 - Loading resource: /view/RootLayout.fxml
2016-03-29 21:14:21 DEBUG SpringFxmlLoader:23 - Loading resource: /view/SearchOverview.fxml
2016-03-29 21:14:21 DEBUG SpringFxmlLoader:29 - Getting bean: cz.muni.physics.controller.SearchOverviewController
2016-03-29 21:14:23 DEBUG SearchOverviewController:51 - Handling search by name 'RW Com'.
